[2020-12-04 14:58:21.762] [jointLog] [info] Fragment incompatibility prior below threshold.  Incompatible fragments will be ignored.
[2020-12-04 14:58:21.763] [jointLog] [info] Usage of --validateMappings implies use of minScoreFraction. Since not explicitly specified, it is being set to 0.65
[2020-12-04 14:58:21.763] [jointLog] [info] Usage of --validateMappings implies use of range factorization. rangeFactorizationBins is being set to 4
[2020-12-04 14:58:21.763] [jointLog] [info] Usage of --validateMappings implies a default consensus slack of 1. Setting consensusSlack to 1.
[2020-12-04 14:58:21.763] [jointLog] [info] parsing read library format
[2020-12-04 14:58:21.763] [jointLog] [info] There is 1 library.
[2020-12-04 14:58:21.887] [jointLog] [info] Loading Quasi index
[2020-12-04 14:58:21.888] [jointLog] [info] Loading 32-bit quasi index
[2020-12-04 14:58:22.658] [jointLog] [info] done
[2020-12-04 14:58:22.658] [jointLog] [info] Index contained 6,560 targets
[2020-12-04 14:58:23.160] [jointLog] [info] Automatically detected most likely library type as SR
[2020-12-04 14:59:55.079] [jointLog] [info] Thread saw mini-batch with a maximum of 1.08% zero probability fragments
[2020-12-04 14:59:55.098] [jointLog] [info] Thread saw mini-batch with a maximum of 1.02% zero probability fragments
[2020-12-04 14:59:55.101] [jointLog] [info] Thread saw mini-batch with a maximum of 1.02% zero probability fragments
[2020-12-04 14:59:55.173] [jointLog] [info] Thread saw mini-batch with a maximum of 1.08% zero probability fragments
[2020-12-04 14:59:55.273] [jointLog] [info] Computed 7,006 rich equivalence classes for further processing
[2020-12-04 14:59:55.273] [jointLog] [info] Counted 6,738,120 total reads in the equivalence classes 
[2020-12-04 14:59:55.279] [jointLog] [info] Mapping rate = 69.3494%

[2020-12-04 14:59:55.279] [jointLog] [info] finished quantifyLibrary()
[2020-12-04 14:59:55.283] [jointLog] [info] Starting optimizer
[2020-12-04 14:59:55.305] [jointLog] [info] Marked 0 weighted equivalence classes as degenerate
[2020-12-04 14:59:55.307] [jointLog] [info] iteration = 0 | max rel diff. = 72764.4
[2020-12-04 14:59:55.273] [fileLog] [info] 
At end of round 0
==================
Observed 9716187 total fragments (9716187 in most recent round)

[2020-12-04 14:59:55.371] [jointLog] [info] iteration = 100 | max rel diff. = 0.070596
[2020-12-04 14:59:55.378] [jointLog] [info] iteration = 117 | max rel diff. = 0.00421469
[2020-12-04 14:59:55.379] [jointLog] [info] Finished optimizer
[2020-12-04 14:59:55.379] [jointLog] [info] writing output 

