Building DAG of jobs...
Creating conda environment dge.yaml...
Downloading and installing remote packages.
CreateCondaEnvironmentException:
Could not create conda environment from /Users/biplab/Documents/rna_seq_workflow/dge.yaml:
Collecting package metadata (repodata.json): ...working... done
Solving environment: ...working... 
Building graph of deps:   0%|          | 0/7 [00:00<?, ?it/s]
Examining bioconductor-tximeta=1.4.0:   0%|          | 0/7 [00:00<?, ?it/s]
Examining @/osx-64::__archspec==1=x86_64:  14%|█▍        | 1/7 [00:00<00:00, 37.40it/s]
Examining r-ggplot2=3.0.0:  29%|██▊       | 2/7 [00:00<00:00, 73.23it/s]               
Examining bioconductor-deseq2=1.26.0:  43%|████▎     | 3/7 [00:00<00:00, 19.61it/s]
Examining bioconductor-deseq2=1.26.0:  57%|█████▋    | 4/7 [00:00<00:00, 26.12it/s]
Examining r-readr=1.3.1:  57%|█████▋    | 4/7 [00:00<00:00, 26.12it/s]             
Examining @/osx-64::__unix==0=0:  71%|███████▏  | 5/7 [00:00<00:00, 26.12it/s]
Examining @/osx-64::__unix==0=0:  86%|████████▌ | 6/7 [00:00<00:00, 14.24it/s]
Examining @/osx-64::__osx==10.15.6=0:  86%|████████▌ | 6/7 [00:00<00:00, 14.24it/s]
                                                                                   

Determining conflicts:   0%|          | 0/7 [00:00<?, ?it/s]
Examining conflict for bioconductor-tximeta r-readr r-ggplot2 bioconductor-deseq2:   0%|          | 0/7 [00:00<?, ?it/s]
Examining conflict for bioconductor-tximeta r-readr r-ggplot2:  14%|█▍        | 1/7 [00:02<00:17,  2.98s/it]            
Examining conflict for bioconductor-tximeta r-readr r-ggplot2:  29%|██▊       | 2/7 [00:02<00:07,  1.49s/it]
Examining conflict for bioconductor-tximeta bioconductor-deseq2:  29%|██▊       | 2/7 [00:03<00:07,  1.49s/it]
Examining conflict for bioconductor-tximeta bioconductor-deseq2:  43%|████▎     | 3/7 [00:03<00:05,  1.34s/it]
Examining conflict for bioconductor-tximeta r-readr bioconductor-deseq2:  43%|████▎     | 3/7 [00:04<00:05,  1.34s/it]
Examining conflict for bioconductor-tximeta r-readr bioconductor-deseq2:  57%|█████▋    | 4/7 [00:04<00:03,  1.04s/it]
Examining conflict for bioconductor-tximeta r-ggplot2 bioconductor-deseq2:  57%|█████▋    | 4/7 [00:04<00:03,  1.04s/it]
Examining conflict for bioconductor-tximeta r-ggplot2 bioconductor-deseq2:  71%|███████▏  | 5/7 [00:04<00:01,  1.16it/s]
Examining conflict for r-ggplot2 bioconductor-deseq2:  71%|███████▏  | 5/7 [00:05<00:01,  1.16it/s]                     
Examining conflict for r-ggplot2 bioconductor-deseq2:  86%|████████▌ | 6/7 [00:05<00:00,  1.45it/s]
Examining conflict for r-readr r-ggplot2:  86%|████████▌ | 6/7 [00:05<00:00,  1.45it/s]            
Examining conflict for r-readr r-ggplot2 bioconductor-deseq2: 100%|██████████| 7/7 [00:05<00:00,  1.45it/s]
Examining conflict for r-readr r-ggplot2 bioconductor-deseq2: : 8it [00:05,  1.95it/s]                     
Examining conflict for r-readr bioconductor-deseq2: : 8it [00:05,  1.95it/s]          
Examining conflict for r-readr bioconductor-deseq2: : 9it [00:05,  2.15it/s]
                                                                            
Found conflicts! Looking for incompatible packages.
This can take several minutes.  Press CTRL-C to abort.
failed
Solving environment: ...working... 

Building graph of deps:   0%|          | 0/7 [00:00<?, ?it/s]
Examining bioconductor-tximeta=1.4.0:   0%|          | 0/7 [00:00<?, ?it/s]
Examining @/osx-64::__archspec==1=x86_64:  14%|█▍        | 1/7 [00:00<00:00, 43.77it/s]
Examining r-ggplot2=3.0.0:  29%|██▊       | 2/7 [00:00<00:00, 86.69it/s]               
Examining bioconductor-deseq2=1.26.0:  43%|████▎     | 3/7 [00:00<00:00, 19.14it/s]
Examining bioconductor-deseq2=1.26.0:  57%|█████▋    | 4/7 [00:00<00:00, 25.50it/s]
Examining r-readr=1.3.1:  57%|█████▋    | 4/7 [00:00<00:00, 25.50it/s]             
Examining @/osx-64::__unix==0=0:  71%|███████▏  | 5/7 [00:00<00:00, 25.50it/s]
Examining @/osx-64::__unix==0=0:  86%|████████▌ | 6/7 [00:00<00:00, 12.34it/s]
Examining @/osx-64::__osx==10.15.6=0:  86%|████████▌ | 6/7 [00:00<00:00, 12.34it/s]
                                                                                   

Determining conflicts:   0%|          | 0/7 [00:00<?, ?it/s]
Examining conflict for bioconductor-tximeta r-readr r-ggplot2 bioconductor-deseq2:   0%|          | 0/7 [00:00<?, ?it/s]
Examining conflict for bioconductor-tximeta r-readr r-ggplot2:  14%|█▍        | 1/7 [00:03<00:22,  3.81s/it]            
Examining conflict for bioconductor-tximeta r-readr r-ggplot2:  29%|██▊       | 2/7 [00:03<00:09,  1.90s/it]
Examining conflict for bioconductor-tximeta bioconductor-deseq2:  29%|██▊       | 2/7 [00:04<00:09,  1.90s/it]
Examining conflict for bioconductor-tximeta bioconductor-deseq2:  43%|████▎     | 3/7 [00:04<00:06,  1.68s/it]
Examining conflict for bioconductor-tximeta r-readr bioconductor-deseq2:  43%|████▎     | 3/7 [00:05<00:06,  1.68s/it]
Examining conflict for bioconductor-tximeta r-readr bioconductor-deseq2:  57%|█████▋    | 4/7 [00:05<00:03,  1.29s/it]
Examining conflict for bioconductor-tximeta r-ggplot2 bioconductor-deseq2:  57%|█████▋    | 4/7 [00:05<00:03,  1.29s/it]
Examining conflict for bioconductor-tximeta r-ggplot2 bioconductor-deseq2:  71%|███████▏  | 5/7 [00:05<00:02,  1.07s/it]
Examining conflict for r-ggplot2 bioconductor-deseq2:  71%|███████▏  | 5/7 [00:06<00:02,  1.07s/it]                     
Examining conflict for r-ggplot2 bioconductor-deseq2:  86%|████████▌ | 6/7 [00:06<00:00,  1.17it/s]
Examining conflict for r-readr r-ggplot2:  86%|████████▌ | 6/7 [00:06<00:00,  1.17it/s]            
Examining conflict for r-readr r-ggplot2: 100%|██████████| 7/7 [00:06<00:00,  1.58it/s]
Examining conflict for r-readr r-ggplot2 bioconductor-deseq2: 100%|██████████| 7/7 [00:06<00:00,  1.58it/s]
Examining conflict for r-readr r-ggplot2 bioconductor-deseq2: : 8it [00:06,  2.08it/s]                     
Examining conflict for r-readr bioconductor-deseq2: : 8it [00:06,  2.08it/s]          
Examining conflict for r-readr bioconductor-deseq2: : 9it [00:06,  2.18it/s]
                                                                            
Found conflicts! Looking for incompatible packages.
This can take several minutes.  Press CTRL-C to abort.
failed

UnsatisfiableError: The following specifications were found to be incompatible with each other:

Output in format: Requested package -> Available versions

Package libcxxabi conflicts for:
bioconductor-deseq2=1.26.0 -> libcxx[version='>=4.0.1'] -> libcxxabi[version='4.0.1|4.0.1|8.0.0|8.0.0|8.0.0|8.0.0|8.0.1',build='hebd6815_0|4|0|3|2|1|hcfea43d_1']
r-readr=1.3.1 -> libcxx[version='>=4.0.1'] -> libcxxabi[version='4.0.1|4.0.1|8.0.0|8.0.0|8.0.0|8.0.0|8.0.1',build='hebd6815_0|4|0|3|2|1|hcfea43d_1']

Package bioconductor-biocgenerics conflicts for:
bioconductor-deseq2=1.26.0 -> bioconductor-biocgenerics[version='>=0.32.0,<0.33.0']
bioconductor-tximeta=1.4.0 -> bioconductor-annotationdbi[version='>=1.48.0,<1.49.0'] -> bioconductor-biocgenerics[version='>=0.32.0,<0.33.0']

Package libopenblas conflicts for:
bioconductor-deseq2=1.26.0 -> r-rcpparmadillo -> libopenblas
r-readr=1.3.1 -> r-base[version='>=3.5,<3.6.0a0'] -> libopenblas[version='>=0.2.20,<0.2.21.0a0']
r-ggplot2=3.0.0 -> r-mgcv -> libopenblas

Package libgfortran5 conflicts for:
bioconductor-deseq2=1.26.0 -> r-base[version='>=3.6,<3.7.0a0'] -> libgfortran5[version='>=9.3.0']
bioconductor-tximeta=1.4.0 -> r-base[version='>=3.6,<3.7.0a0'] -> libgfortran5[version='>=9.3.0']
r-readr=1.3.1 -> r-base[version='>=4.0,<4.1.0a0'] -> libgfortran5[version='>=9.3.0']

Package r-ggplot2 conflicts for:
bioconductor-deseq2=1.26.0 -> r-hmisc -> r-ggplot2[version='>=2.0|>=2.2']
bioconductor-deseq2=1.26.0 -> r-ggplot2
r-ggplot2=3.0.0

Package r-base conflicts for:
bioconductor-tximeta=1.4.0 -> r-jsonlite -> r-base[version='3.1.3.*|3.2.0.*|3.2.1.*|3.2.2.*|3.3.1.*|3.3.2.*|3.4.1.*|>=3.4.1,<3.4.2.0a0|>=3.5,<3.6.0a0|>=4.0,<4.1.0a0|>=3.5.1,<3.5.2.0a0|>=3.5.0,<3.5.1.0a0|>=3.4.3,<3.4.4.0a0|>=3.4.2,<3.4.3a0']
bioconductor-tximeta=1.4.0 -> r-base[version='>=3.6,<3.7.0a0']

Package r-r6 conflicts for:
r-readr=1.3.1 -> r-r6
r-ggplot2=3.0.0 -> r-scales[version='>=0.5.0'] -> r-r6

Package make conflicts for:
r-readr=1.3.1 -> r-base[version='>=4.0,<4.1.0a0'] -> make
r-ggplot2=3.0.0 -> r-base[version='>=3.5.1,<3.5.2.0a0'] -> make
bioconductor-deseq2=1.26.0 -> r-base[version='>=3.6,<3.7.0a0'] -> make
bioconductor-tximeta=1.4.0 -> r-base[version='>=3.6,<3.7.0a0'] -> make

Package r-fansi conflicts for:
r-ggplot2=3.0.0 -> r-tibble -> r-fansi[version='>=0.4.0']
bioconductor-tximeta=1.4.0 -> r-tibble -> r-fansi[version='>=0.4.0']
r-readr=1.3.1 -> r-tibble -> r-fansi[version='>=0.4.0']

Package r-matrix conflicts for:
r-ggplot2=3.0.0 -> r-mgcv -> r-matrix[version='>=1.2.14,<1.2.15.0a0']
bioconductor-deseq2=1.26.0 -> bioconductor-summarizedexperiment[version='>=1.16.0,<1.17.0'] -> r-matrix
bioconductor-tximeta=1.4.0 -> bioconductor-summarizedexperiment[version='>=1.16.0,<1.17.0'] -> r-matrix


  File "/Users/biplab/miniconda3/envs/snakemake/lib/python3.9/site-packages/snakemake/deployment/conda.py", line 350, in create
