Building DAG of jobs...
Removing incomplete Conda environment dge.yaml...
Creating conda environment dge.yaml...
Downloading and installing remote packages.
CreateCondaEnvironmentException:
Could not create conda environment from /Users/biplab/Documents/rna_seq_workflow/dge.yaml:
Collecting package metadata (repodata.json): ...working... done
Solving environment: ...working... 
Building graph of deps:   0%|          | 0/7 [00:00<?, ?it/s]
Examining @/osx-64::__osx==10.15.6=0:   0%|          | 0/7 [00:00<?, ?it/s]
Examining r-ggplot2=3.0.0:  14%|█▍        | 1/7 [00:00<00:00, 2794.34it/s] 
Examining bioconductor-tximeta=1.4.0:  29%|██▊       | 2/7 [00:00<00:00, 14.94it/s]
Examining bioconductor-tximeta=1.4.0:  43%|████▎     | 3/7 [00:00<00:00, 22.39it/s]
Examining @/osx-64::__archspec==1=x86_64:  43%|████▎     | 3/7 [00:00<00:00, 22.39it/s]
Examining r-readr=1.3.1:  57%|█████▋    | 4/7 [00:00<00:00, 22.39it/s]                 
Examining @/osx-64::__unix==0=0:  71%|███████▏  | 5/7 [00:00<00:00, 22.39it/s]
Examining @/osx-64::__unix==0=0:  86%|████████▌ | 6/7 [00:00<00:00, 17.49it/s]
Examining bioconductor-deseq2=1.26.0:  86%|████████▌ | 6/7 [00:00<00:00, 17.49it/s]
                                                                                   

Determining conflicts:   0%|          | 0/7 [00:00<?, ?it/s]
Examining conflict for bioconductor-deseq2 r-ggplot2:   0%|          | 0/7 [00:00<?, ?it/s]
Examining conflict for bioconductor-tximeta bioconductor-deseq2 r-readr r-ggplot2:  14%|█▍        | 1/7 [00:00<00:00,  9.03it/s]
Examining conflict for bioconductor-tximeta bioconductor-deseq2 r-readr r-ggplot2:  29%|██▊       | 2/7 [00:00<00:00, 18.03it/s]
Examining conflict for bioconductor-tximeta r-readr r-ggplot2:  29%|██▊       | 2/7 [00:03<00:00, 18.03it/s]                    
Examining conflict for bioconductor-tximeta r-readr r-ggplot2:  43%|████▎     | 3/7 [00:03<00:03,  1.07it/s]
Examining conflict for bioconductor-deseq2 r-readr r-ggplot2:  43%|████▎     | 3/7 [00:04<00:03,  1.07it/s] 
Examining conflict for bioconductor-deseq2 r-readr r-ggplot2:  57%|█████▋    | 4/7 [00:04<00:02,  1.05it/s]
Examining conflict for bioconductor-tximeta bioconductor-deseq2 r-ggplot2:  57%|█████▋    | 4/7 [00:04<00:02,  1.05it/s]
Examining conflict for bioconductor-tximeta bioconductor-deseq2 r-ggplot2:  71%|███████▏  | 5/7 [00:04<00:01,  1.30it/s]
Examining conflict for r-readr r-ggplot2:  71%|███████▏  | 5/7 [00:04<00:01,  1.30it/s]                                 
Examining conflict for r-readr r-ggplot2:  86%|████████▌ | 6/7 [00:04<00:00,  1.60it/s]
Examining conflict for bioconductor-tximeta bioconductor-deseq2:  86%|████████▌ | 6/7 [00:04<00:00,  1.60it/s]
Examining conflict for bioconductor-tximeta bioconductor-deseq2: 100%|██████████| 7/7 [00:04<00:00,  2.11it/s]
Examining conflict for bioconductor-tximeta bioconductor-deseq2 r-readr: 100%|██████████| 7/7 [00:05<00:00,  2.11it/s]
Examining conflict for bioconductor-tximeta bioconductor-deseq2 r-readr: : 8it [00:05,  2.28it/s]                     
Examining conflict for bioconductor-deseq2 r-readr: : 8it [00:05,  2.28it/s]                     
Examining conflict for bioconductor-deseq2 r-readr: : 9it [00:05,  2.30it/s]
                                                                            
Found conflicts! Looking for incompatible packages.
This can take several minutes.  Press CTRL-C to abort.
failed
Solving environment: ...working... 

Building graph of deps:   0%|          | 0/7 [00:00<?, ?it/s]
Examining @/osx-64::__osx==10.15.6=0:   0%|          | 0/7 [00:00<?, ?it/s]
Examining r-ggplot2=3.0.0:  14%|█▍        | 1/7 [00:00<00:00, 4804.47it/s] 
Examining bioconductor-tximeta=1.4.0:  29%|██▊       | 2/7 [00:00<00:00, 14.52it/s]
Examining bioconductor-tximeta=1.4.0:  43%|████▎     | 3/7 [00:00<00:00, 21.75it/s]
Examining @/osx-64::__archspec==1=x86_64:  43%|████▎     | 3/7 [00:00<00:00, 21.75it/s]
Examining r-readr=1.3.1:  57%|█████▋    | 4/7 [00:00<00:00, 21.75it/s]                 
Examining @/osx-64::__unix==0=0:  71%|███████▏  | 5/7 [00:00<00:00, 21.75it/s]
Examining @/osx-64::__unix==0=0:  86%|████████▌ | 6/7 [00:00<00:00, 16.19it/s]
Examining bioconductor-deseq2=1.26.0:  86%|████████▌ | 6/7 [00:00<00:00, 16.19it/s]
                                                                                   

Determining conflicts:   0%|          | 0/7 [00:00<?, ?it/s]
Examining conflict for bioconductor-deseq2 r-ggplot2:   0%|          | 0/7 [00:00<?, ?it/s]
Examining conflict for bioconductor-tximeta bioconductor-deseq2 r-readr r-ggplot2:  14%|█▍        | 1/7 [00:00<00:00,  9.09it/s]
Examining conflict for bioconductor-tximeta bioconductor-deseq2 r-readr r-ggplot2:  29%|██▊       | 2/7 [00:00<00:00, 18.15it/s]
Examining conflict for bioconductor-tximeta r-readr r-ggplot2:  29%|██▊       | 2/7 [00:03<00:00, 18.15it/s]                    
Examining conflict for bioconductor-tximeta r-readr r-ggplot2:  43%|████▎     | 3/7 [00:03<00:04,  1.10s/it]
Examining conflict for bioconductor-deseq2 r-readr r-ggplot2:  43%|████▎     | 3/7 [00:04<00:04,  1.10s/it] 
Examining conflict for bioconductor-deseq2 r-readr r-ggplot2:  57%|█████▋    | 4/7 [00:04<00:03,  1.13s/it]
Examining conflict for bioconductor-tximeta bioconductor-deseq2 r-ggplot2:  57%|█████▋    | 4/7 [00:05<00:03,  1.13s/it]
Examining conflict for bioconductor-tximeta bioconductor-deseq2 r-ggplot2:  71%|███████▏  | 5/7 [00:05<00:01,  1.11it/s]
Examining conflict for r-readr r-ggplot2:  71%|███████▏  | 5/7 [00:05<00:01,  1.11it/s]                                 
Examining conflict for r-readr r-ggplot2:  86%|████████▌ | 6/7 [00:05<00:00,  1.37it/s]
Examining conflict for bioconductor-tximeta bioconductor-deseq2:  86%|████████▌ | 6/7 [00:05<00:00,  1.37it/s]
Examining conflict for bioconductor-tximeta bioconductor-deseq2: 100%|██████████| 7/7 [00:05<00:00,  1.83it/s]
Examining conflict for bioconductor-tximeta bioconductor-deseq2 r-readr: 100%|██████████| 7/7 [00:06<00:00,  1.83it/s]
Examining conflict for bioconductor-tximeta bioconductor-deseq2 r-readr: : 8it [00:06,  2.01it/s]                     
Examining conflict for bioconductor-deseq2 r-readr: : 8it [00:06,  2.01it/s]                     
Examining conflict for bioconductor-deseq2 r-readr: : 9it [00:06,  2.04it/s]
                                                                            
Found conflicts! Looking for incompatible packages.
This can take several minutes.  Press CTRL-C to abort.
failed

UnsatisfiableError: The following specifications were found to be incompatible with each other:

Output in format: Requested package -> Available versions

Package libopenblas conflicts for:
bioconductor-deseq2=1.26.0 -> r-rcpparmadillo -> libopenblas
r-readr=1.3.1 -> r-base[version='>=3.5,<3.6.0a0'] -> libopenblas[version='>=0.2.20,<0.2.21.0a0']
r-ggplot2=3.0.0 -> r-mgcv -> libopenblas

Package xz conflicts for:
bioconductor-deseq2=1.26.0 -> r-base[version='>=3.6,<3.7.0a0'] -> xz[version='>=5.2.4,<5.3.0a0|>=5.2.5,<5.3.0a0|>=5.2.4,<6.0a0']
r-ggplot2=3.0.0 -> r-base[version='>=3.5.1,<3.5.2.0a0'] -> xz[version='5.2.*|>=5.2.3,<5.3.0a0|>=5.2.4,<5.3.0a0|>=5.2.4,<6.0a0']
bioconductor-tximeta=1.4.0 -> r-base[version='>=3.6,<3.7.0a0'] -> xz[version='>=5.2.4,<5.3.0a0|>=5.2.5,<5.3.0a0|>=5.2.4,<6.0a0']
r-readr=1.3.1 -> r-base[version='>=4.0,<4.1.0a0'] -> xz[version='>=5.2.4,<5.3.0a0|>=5.2.5,<5.3.0a0|>=5.2.4,<6.0a0']

Package r-ggplot2 conflicts for:
bioconductor-deseq2=1.26.0 -> r-ggplot2
bioconductor-deseq2=1.26.0 -> r-hmisc -> r-ggplot2[version='>=2.0|>=2.2']
r-ggplot2=3.0.0

Package r-matrix conflicts for:
r-ggplot2=3.0.0 -> r-mgcv -> r-matrix[version='>=1.2.14,<1.2.15.0a0']
bioconductor-tximeta=1.4.0 -> bioconductor-summarizedexperiment[version='>=1.16.0,<1.17.0'] -> r-matrix
bioconductor-deseq2=1.26.0 -> bioconductor-summarizedexperiment[version='>=1.16.0,<1.17.0'] -> r-matrix

Package r-pillar conflicts for:
r-ggplot2=3.0.0 -> r-tibble -> r-pillar[version='>=1.1.0|>=1.3.1|>=1.4.3']
bioconductor-tximeta=1.4.0 -> r-tibble -> r-pillar[version='>=1.1.0|>=1.3.1|>=1.4.3']
r-readr=1.3.1 -> r-tibble -> r-pillar[version='>=1.1.0|>=1.3.1|>=1.4.3']

Package bioconductor-iranges conflicts for:
bioconductor-deseq2=1.26.0 -> bioconductor-iranges[version='>=2.20.0,<2.21.0']
bioconductor-tximeta=1.4.0 -> bioconductor-annotationdbi[version='>=1.48.0,<1.49.0'] -> bioconductor-iranges[version='>=2.20.0,<2.21.0']

Package r-r6 conflicts for:
r-readr=1.3.1 -> r-r6
r-ggplot2=3.0.0 -> r-scales[version='>=0.5.0'] -> r-r6

Package r-base conflicts for:
bioconductor-tximeta=1.4.0 -> r-base[version='>=3.6,<3.7.0a0']
bioconductor-tximeta=1.4.0 -> r-jsonlite -> r-base[version='3.1.3.*|3.2.0.*|3.2.1.*|3.2.2.*|3.3.1.*|3.3.2.*|3.4.1.*|>=3.4.1,<3.4.2.0a0|>=3.5,<3.6.0a0|>=4.0,<4.1.0a0|>=3.5.1,<3.5.2.0a0|>=3.5.0,<3.5.1.0a0|>=3.4.3,<3.4.4.0a0|>=3.4.2,<3.4.3a0']

Package libglib conflicts for:
bioconductor-deseq2=1.26.0 -> r-base[version='>=3.6,<3.7.0a0'] -> libglib[version='>=2.64.6,<3.0a0']
bioconductor-tximeta=1.4.0 -> r-base[version='>=3.6,<3.7.0a0'] -> libglib[version='>=2.64.6,<3.0a0']
r-readr=1.3.1 -> r-base[version='>=4.0,<4.1.0a0'] -> libglib[version='>=2.64.6,<3.0a0']

Package libcxxabi conflicts for:
r-readr=1.3.1 -> libcxx[version='>=4.0.1'] -> libcxxabi[version='4.0.1|4.0.1|8.0.0|8.0.0|8.0.0|8.0.0|8.0.1',build='hebd6815_0|hcfea43d_1|2|4|0|3|1']
bioconductor-deseq2=1.26.0 -> libcxx[version='>=4.0.1'] -> libcxxabi[version='4.0.1|4.0.1|8.0.0|8.0.0|8.0.0|8.0.0|8.0.1',build='hebd6815_0|hcfea43d_1|2|4|0|3|1']


  File "/Users/biplab/miniconda3/envs/snakemake/lib/python3.9/site-packages/snakemake/deployment/conda.py", line 350, in create
