[2020-12-04 15:23:49.241] [jointLog] [info] Fragment incompatibility prior below threshold.  Incompatible fragments will be ignored.
[2020-12-04 15:23:49.241] [jointLog] [info] Usage of --validateMappings implies use of minScoreFraction. Since not explicitly specified, it is being set to 0.65
[2020-12-04 15:23:49.241] [jointLog] [info] Usage of --validateMappings implies use of range factorization. rangeFactorizationBins is being set to 4
[2020-12-04 15:23:49.241] [jointLog] [info] Usage of --validateMappings implies a default consensus slack of 1. Setting consensusSlack to 1.
[2020-12-04 15:23:49.241] [jointLog] [info] parsing read library format
[2020-12-04 15:23:49.241] [jointLog] [info] There is 1 library.
[2020-12-04 15:23:49.376] [jointLog] [info] Loading Quasi index
[2020-12-04 15:23:49.378] [jointLog] [info] Loading 32-bit quasi index
[2020-12-04 15:23:50.786] [jointLog] [info] done
[2020-12-04 15:23:50.786] [jointLog] [info] Index contained 6,560 targets
[2020-12-04 15:23:51.876] [jointLog] [info] Automatically detected most likely library type as SR
[2020-12-04 15:28:38.271] [fileLog] [info] 
At end of round 0
==================
Observed 20628929 total fragments (20628929 in most recent round)

[2020-12-04 15:28:38.036] [jointLog] [info] Thread saw mini-batch with a maximum of 0.92% zero probability fragments
[2020-12-04 15:28:38.062] [jointLog] [info] Thread saw mini-batch with a maximum of 0.92% zero probability fragments
[2020-12-04 15:28:38.077] [jointLog] [info] Thread saw mini-batch with a maximum of 0.88% zero probability fragments
[2020-12-04 15:28:38.088] [jointLog] [info] Thread saw mini-batch with a maximum of 0.94% zero probability fragments
[2020-12-04 15:28:38.271] [jointLog] [info] Computed 7,071 rich equivalence classes for further processing
[2020-12-04 15:28:38.271] [jointLog] [info] Counted 15,475,850 total reads in the equivalence classes 
[2020-12-04 15:28:38.279] [jointLog] [info] Mapping rate = 75.0201%

[2020-12-04 15:28:38.279] [jointLog] [info] finished quantifyLibrary()
[2020-12-04 15:28:38.281] [jointLog] [info] Starting optimizer
[2020-12-04 15:28:38.297] [jointLog] [info] Marked 0 weighted equivalence classes as degenerate
[2020-12-04 15:28:38.298] [jointLog] [info] iteration = 0 | max rel diff. = 77123.4
[2020-12-04 15:28:38.341] [jointLog] [info] iteration = 100 | max rel diff. = 0.143996
[2020-12-04 15:28:38.359] [jointLog] [info] iteration = 137 | max rel diff. = 0.00764499
[2020-12-04 15:28:38.359] [jointLog] [info] Finished optimizer
[2020-12-04 15:28:38.359] [jointLog] [info] writing output 

